2022-07-25 08:55:59.302  INFO 13864 --- [restartedMain] com.nangman.NangmanApplication           : Starting NangmanApplication using Java 1.8.0_192 on DESKTOP-KVCQHCD with PID 13864 (C:\Users\SSAFY\Desktop\SSAFY\공통프로젝트\backend\backend\build\classes\java\main started by SSAFY in C:\Users\SSAFY\Desktop\SSAFY\공통프로젝트\backend)
2022-07-25 08:55:59.304  INFO 13864 --- [restartedMain] com.nangman.NangmanApplication           : No active profile set, falling back to default profiles: default
2022-07-25 08:55:59.338  INFO 13864 --- [restartedMain] .e.DevToolsPropertyDefaultsPostProcessor : Devtools property defaults active! Set 'spring.devtools.add-properties' to 'false' to disable
2022-07-25 08:55:59.346  INFO 13864 --- [restartedMain] .e.DevToolsPropertyDefaultsPostProcessor : For additional web related logging consider setting the 'logging.level.web' property to 'DEBUG'
2022-07-25 08:56:00.421  INFO 13864 --- [restartedMain] .s.d.r.c.RepositoryConfigurationDelegate : Bootstrapping Spring Data JPA repositories in DEFAULT mode.
2022-07-25 08:56:00.481  INFO 13864 --- [restartedMain] .s.d.r.c.RepositoryConfigurationDelegate : Finished Spring Data repository scanning in 54 ms. Found 1 JPA repository interfaces.
2022-07-25 08:56:00.759  INFO 13864 --- [restartedMain] trationDelegate$BeanPostProcessorChecker : Bean 'org.springframework.security.access.expression.method.DefaultMethodSecurityExpressionHandler@2e598e83' of type [org.springframework.security.access.expression.method.DefaultMethodSecurityExpressionHandler] is not eligible for getting processed by all BeanPostProcessors (for example: not eligible for auto-proxying)
2022-07-25 08:56:00.765  INFO 13864 --- [restartedMain] trationDelegate$BeanPostProcessorChecker : Bean 'methodSecurityMetadataSource' of type [org.springframework.security.access.method.DelegatingMethodSecurityMetadataSource] is not eligible for getting processed by all BeanPostProcessors (for example: not eligible for auto-proxying)
2022-07-25 08:56:01.016  INFO 13864 --- [restartedMain] o.s.b.w.embedded.tomcat.TomcatWebServer  : Tomcat initialized with port(s): 8080 (http)
2022-07-25 08:56:01.026  INFO 13864 --- [restartedMain] o.apache.catalina.core.StandardService   : Starting service [Tomcat]
2022-07-25 08:56:01.027  INFO 13864 --- [restartedMain] org.apache.catalina.core.StandardEngine  : Starting Servlet engine: [Apache Tomcat/9.0.45]
2022-07-25 08:56:01.167  INFO 13864 --- [restartedMain] o.a.c.c.C.[Tomcat].[localhost].[/]       : Initializing Spring embedded WebApplicationContext
2022-07-25 08:56:01.167  INFO 13864 --- [restartedMain] w.s.c.ServletWebServerApplicationContext : Root WebApplicationContext: initialization completed in 1819 ms
2022-07-25 08:56:01.305 DEBUG 13864 --- [restartedMain] o.s.web.filter.CharacterEncodingFilter   : Filter 'characterEncodingFilter' configured for use
2022-07-25 08:56:01.305 DEBUG 13864 --- [restartedMain] o.s.w.f.CommonsRequestLoggingFilter      : Filter 'commonsRequestLoggingFilter' configured for use
2022-07-25 08:56:01.425  INFO 13864 --- [restartedMain] o.hibernate.jpa.internal.util.LogHelper  : HHH000204: Processing PersistenceUnitInfo [name: default]
2022-07-25 08:56:01.521  INFO 13864 --- [restartedMain] org.hibernate.Version                    : HHH000412: Hibernate ORM core version 5.4.30.Final
2022-07-25 08:56:01.628  INFO 13864 --- [restartedMain] o.hibernate.annotations.common.Version   : HCANN000001: Hibernate Commons Annotations {5.1.2.Final}
2022-07-25 08:56:01.700  INFO 13864 --- [restartedMain] com.zaxxer.hikari.HikariDataSource       : HikariPool-1 - Starting...
2022-07-25 08:56:02.895 ERROR 13864 --- [restartedMain] com.zaxxer.hikari.pool.HikariPool        : HikariPool-1 - Exception during pool initialization.

java.sql.SQLException: Access denied for user 'root'@'localhost' (using password: YES)
	at com.mysql.cj.jdbc.exceptions.SQLError.createSQLException(SQLError.java:129) ~[mysql-connector-java-8.0.23.jar:8.0.23]
	at com.mysql.cj.jdbc.exceptions.SQLExceptionsMapping.translateException(SQLExceptionsMapping.java:122) ~[mysql-connector-java-8.0.23.jar:8.0.23]
	at com.mysql.cj.jdbc.ConnectionImpl.createNewIO(ConnectionImpl.java:833) ~[mysql-connector-java-8.0.23.jar:8.0.23]
	at com.mysql.cj.jdbc.ConnectionImpl.<init>(ConnectionImpl.java:453) ~[mysql-connector-java-8.0.23.jar:8.0.23]
	at com.mysql.cj.jdbc.ConnectionImpl.getInstance(ConnectionImpl.java:246) ~[mysql-connector-java-8.0.23.jar:8.0.23]
	at com.mysql.cj.jdbc.NonRegisteringDriver.connect(NonRegisteringDriver.java:198) ~[mysql-connector-java-8.0.23.jar:8.0.23]
	at com.zaxxer.hikari.util.DriverDataSource.getConnection(DriverDataSource.java:138) ~[HikariCP-3.4.5.jar:na]
	at com.zaxxer.hikari.pool.PoolBase.newConnection(PoolBase.java:358) ~[HikariCP-3.4.5.jar:na]
	at com.zaxxer.hikari.pool.PoolBase.newPoolEntry(PoolBase.java:206) ~[HikariCP-3.4.5.jar:na]
	at com.zaxxer.hikari.pool.HikariPool.createPoolEntry(HikariPool.java:477) [HikariCP-3.4.5.jar:na]
	at com.zaxxer.hikari.pool.HikariPool.checkFailFast(HikariPool.java:560) [HikariCP-3.4.5.jar:na]
	at com.zaxxer.hikari.pool.HikariPool.<init>(HikariPool.java:115) [HikariCP-3.4.5.jar:na]
	at com.zaxxer.hikari.HikariDataSource.getConnection(HikariDataSource.java:112) [HikariCP-3.4.5.jar:na]
	at org.hibernate.engine.jdbc.connections.internal.DatasourceConnectionProviderImpl.getConnection(DatasourceConnectionProviderImpl.java:122) [hibernate-core-5.4.30.Final.jar:5.4.30.Final]
	at org.hibernate.engine.jdbc.env.internal.JdbcEnvironmentInitiator$ConnectionProviderJdbcConnectionAccess.obtainConnection(JdbcEnvironmentInitiator.java:180) [hibernate-core-5.4.30.Final.jar:5.4.30.Final]
	at org.hibernate.engine.jdbc.env.internal.JdbcEnvironmentInitiator.initiateService(JdbcEnvironmentInitiator.java:68) [hibernate-core-5.4.30.Final.jar:5.4.30.Final]
	at org.hibernate.engine.jdbc.env.internal.JdbcEnvironmentInitiator.initiateService(JdbcEnvironmentInitiator.java:35) [hibernate-core-5.4.30.Final.jar:5.4.30.Final]
	at org.hibernate.boot.registry.internal.StandardServiceRegistryImpl.initiateService(StandardServiceRegistryImpl.java:101) [hibernate-core-5.4.30.Final.jar:5.4.30.Final]
	at org.hibernate.service.internal.AbstractServiceRegistryImpl.createService(AbstractServiceRegistryImpl.java:263) [hibernate-core-5.4.30.Final.jar:5.4.30.Final]
	at org.hibernate.service.internal.AbstractServiceRegistryImpl.initializeService(AbstractServiceRegistryImpl.java:237) [hibernate-core-5.4.30.Final.jar:5.4.30.Final]
	at org.hibernate.service.internal.AbstractServiceRegistryImpl.getService(AbstractServiceRegistryImpl.java:214) [hibernate-core-5.4.30.Final.jar:5.4.30.Final]
	at org.hibernate.id.factory.internal.DefaultIdentifierGeneratorFactory.injectServices(DefaultIdentifierGeneratorFactory.java:152) [hibernate-core-5.4.30.Final.jar:5.4.30.Final]
	at org.hibernate.service.internal.AbstractServiceRegistryImpl.injectDependencies(AbstractServiceRegistryImpl.java:286) [hibernate-core-5.4.30.Final.jar:5.4.30.Final]
	at org.hibernate.service.internal.AbstractServiceRegistryImpl.initializeService(AbstractServiceRegistryImpl.java:243) [hibernate-core-5.4.30.Final.jar:5.4.30.Final]
	at org.hibernate.service.internal.AbstractServiceRegistryImpl.getService(AbstractServiceRegistryImpl.java:214) [hibernate-core-5.4.30.Final.jar:5.4.30.Final]
	at org.hibernate.boot.internal.InFlightMetadataCollectorImpl.<init>(InFlightMetadataCollectorImpl.java:176) [hibernate-core-5.4.30.Final.jar:5.4.30.Final]
	at org.hibernate.boot.model.process.spi.MetadataBuildingProcess.complete(MetadataBuildingProcess.java:127) [hibernate-core-5.4.30.Final.jar:5.4.30.Final]
	at org.hibernate.jpa.boot.internal.EntityManagerFactoryBuilderImpl.metadata(EntityManagerFactoryBuilderImpl.java:1224) [hibernate-core-5.4.30.Final.jar:5.4.30.Final]
	at org.hibernate.jpa.boot.internal.EntityManagerFactoryBuilderImpl.build(EntityManagerFactoryBuilderImpl.java:1255) [hibernate-core-5.4.30.Final.jar:5.4.30.Final]
	at org.springframework.orm.jpa.vendor.SpringHibernateJpaPersistenceProvider.createContainerEntityManagerFactory(SpringHibernateJpaPersistenceProvider.java:58) [spring-orm-5.3.6.jar:5.3.6]
	at org.springframework.orm.jpa.LocalContainerEntityManagerFactoryBean.createNativeEntityManagerFactory(LocalContainerEntityManagerFactoryBean.java:365) [spring-orm-5.3.6.jar:5.3.6]
	at org.springframework.orm.jpa.AbstractEntityManagerFactoryBean.buildNativeEntityManagerFactory(AbstractEntityManagerFactoryBean.java:409) [spring-orm-5.3.6.jar:5.3.6]
	at org.springframework.orm.jpa.AbstractEntityManagerFactoryBean.afterPropertiesSet(AbstractEntityManagerFactoryBean.java:396) [spring-orm-5.3.6.jar:5.3.6]
	at org.springframework.orm.jpa.LocalContainerEntityManagerFactoryBean.afterPropertiesSet(LocalContainerEntityManagerFactoryBean.java:341) [spring-orm-5.3.6.jar:5.3.6]
	at org.springframework.beans.factory.support.AbstractAutowireCapableBeanFactory.invokeInitMethods(AbstractAutowireCapableBeanFactory.java:1845) [spring-beans-5.3.6.jar:5.3.6]
	at org.springframework.beans.factory.support.AbstractAutowireCapableBeanFactory.initializeBean(AbstractAutowireCapableBeanFactory.java:1782) [spring-beans-5.3.6.jar:5.3.6]
	at org.springframework.beans.factory.support.AbstractAutowireCapableBeanFactory.doCreateBean(AbstractAutowireCapableBeanFactory.java:602) [spring-beans-5.3.6.jar:5.3.6]
	at org.springframework.beans.factory.support.AbstractAutowireCapableBeanFactory.createBean(AbstractAutowireCapableBeanFactory.java:524) [spring-beans-5.3.6.jar:5.3.6]
	at org.springframework.beans.factory.support.AbstractBeanFactory.lambda$doGetBean$0(AbstractBeanFactory.java:335) [spring-beans-5.3.6.jar:5.3.6]
	at org.springframework.beans.factory.support.DefaultSingletonBeanRegistry.getSingleton(DefaultSingletonBeanRegistry.java:234) ~[spring-beans-5.3.6.jar:5.3.6]
	at org.springframework.beans.factory.support.AbstractBeanFactory.doGetBean(AbstractBeanFactory.java:333) [spring-beans-5.3.6.jar:5.3.6]
	at org.springframework.beans.factory.support.AbstractBeanFactory.getBean(AbstractBeanFactory.java:208) [spring-beans-5.3.6.jar:5.3.6]
	at org.springframework.context.support.AbstractApplicationContext.getBean(AbstractApplicationContext.java:1154) ~[spring-context-5.3.6.jar:5.3.6]
	at org.springframework.context.support.AbstractApplicationContext.finishBeanFactoryInitialization(AbstractApplicationContext.java:908) ~[spring-context-5.3.6.jar:5.3.6]
	at org.springframework.context.support.AbstractApplicationContext.refresh(AbstractApplicationContext.java:583) ~[spring-context-5.3.6.jar:5.3.6]
	at org.springframework.boot.web.servlet.context.ServletWebServerApplicationContext.refresh(ServletWebServerApplicationContext.java:144) ~[spring-boot-2.4.5.jar:2.4.5]
	at org.springframework.boot.SpringApplication.refresh(SpringApplication.java:782) ~[spring-boot-2.4.5.jar:2.4.5]
	at org.springframework.boot.SpringApplication.refresh(SpringApplication.java:774) ~[spring-boot-2.4.5.jar:2.4.5]
	at org.springframework.boot.SpringApplication.refreshContext(SpringApplication.java:439) ~[spring-boot-2.4.5.jar:2.4.5]
	at org.springframework.boot.SpringApplication.run(SpringApplication.java:339) ~[spring-boot-2.4.5.jar:2.4.5]
	at org.springframework.boot.SpringApplication.run(SpringApplication.java:1340) ~[spring-boot-2.4.5.jar:2.4.5]
	at org.springframework.boot.SpringApplication.run(SpringApplication.java:1329) ~[spring-boot-2.4.5.jar:2.4.5]
	at com.nangman.NangmanApplication.main(NangmanApplication.java:15) ~[main/:na]
	at sun.reflect.NativeMethodAccessorImpl.invoke0(Native Method) ~[na:1.8.0_192]
	at sun.reflect.NativeMethodAccessorImpl.invoke(NativeMethodAccessorImpl.java:62) ~[na:1.8.0_192]
	at sun.reflect.DelegatingMethodAccessorImpl.invoke(DelegatingMethodAccessorImpl.java:43) ~[na:1.8.0_192]
	at java.lang.reflect.Method.invoke(Method.java:498) ~[na:1.8.0_192]
	at org.springframework.boot.devtools.restart.RestartLauncher.run(RestartLauncher.java:49) ~[spring-boot-devtools-2.4.5.jar:2.4.5]

2022-07-25 08:56:02.897  WARN 13864 --- [restartedMain] o.h.e.j.e.i.JdbcEnvironmentInitiator     : HHH000342: Could not obtain connection to query metadata

java.sql.SQLException: Access denied for user 'root'@'localhost' (using password: YES)
	at com.mysql.cj.jdbc.exceptions.SQLError.createSQLException(SQLError.java:129) ~[mysql-connector-java-8.0.23.jar:8.0.23]
	at com.mysql.cj.jdbc.exceptions.SQLExceptionsMapping.translateException(SQLExceptionsMapping.java:122) ~[mysql-connector-java-8.0.23.jar:8.0.23]
	at com.mysql.cj.jdbc.ConnectionImpl.createNewIO(ConnectionImpl.java:833) ~[mysql-connector-java-8.0.23.jar:8.0.23]
	at com.mysql.cj.jdbc.ConnectionImpl.<init>(ConnectionImpl.java:453) ~[mysql-connector-java-8.0.23.jar:8.0.23]
	at com.mysql.cj.jdbc.ConnectionImpl.getInstance(ConnectionImpl.java:246) ~[mysql-connector-java-8.0.23.jar:8.0.23]
	at com.mysql.cj.jdbc.NonRegisteringDriver.connect(NonRegisteringDriver.java:198) ~[mysql-connector-java-8.0.23.jar:8.0.23]
	at com.zaxxer.hikari.util.DriverDataSource.getConnection(DriverDataSource.java:138) ~[HikariCP-3.4.5.jar:na]
	at com.zaxxer.hikari.pool.PoolBase.newConnection(PoolBase.java:358) ~[HikariCP-3.4.5.jar:na]
	at com.zaxxer.hikari.pool.PoolBase.newPoolEntry(PoolBase.java:206) ~[HikariCP-3.4.5.jar:na]
	at com.zaxxer.hikari.pool.HikariPool.createPoolEntry(HikariPool.java:477) ~[HikariCP-3.4.5.jar:na]
	at com.zaxxer.hikari.pool.HikariPool.checkFailFast(HikariPool.java:560) ~[HikariCP-3.4.5.jar:na]
	at com.zaxxer.hikari.pool.HikariPool.<init>(HikariPool.java:115) ~[HikariCP-3.4.5.jar:na]
	at com.zaxxer.hikari.HikariDataSource.getConnection(HikariDataSource.java:112) ~[HikariCP-3.4.5.jar:na]
	at org.hibernate.engine.jdbc.connections.internal.DatasourceConnectionProviderImpl.getConnection(DatasourceConnectionProviderImpl.java:122) ~[hibernate-core-5.4.30.Final.jar:5.4.30.Final]
	at org.hibernate.engine.jdbc.env.internal.JdbcEnvironmentInitiator$ConnectionProviderJdbcConnectionAccess.obtainConnection(JdbcEnvironmentInitiator.java:180) ~[hibernate-core-5.4.30.Final.jar:5.4.30.Final]
	at org.hibernate.engine.jdbc.env.internal.JdbcEnvironmentInitiator.initiateService(JdbcEnvironmentInitiator.java:68) [hibernate-core-5.4.30.Final.jar:5.4.30.Final]
	at org.hibernate.engine.jdbc.env.internal.JdbcEnvironmentInitiator.initiateService(JdbcEnvironmentInitiator.java:35) [hibernate-core-5.4.30.Final.jar:5.4.30.Final]
	at org.hibernate.boot.registry.internal.StandardServiceRegistryImpl.initiateService(StandardServiceRegistryImpl.java:101) [hibernate-core-5.4.30.Final.jar:5.4.30.Final]
	at org.hibernate.service.internal.AbstractServiceRegistryImpl.createService(AbstractServiceRegistryImpl.java:263) [hibernate-core-5.4.30.Final.jar:5.4.30.Final]
	at org.hibernate.service.internal.AbstractServiceRegistryImpl.initializeService(AbstractServiceRegistryImpl.java:237) [hibernate-core-5.4.30.Final.jar:5.4.30.Final]
	at org.hibernate.service.internal.AbstractServiceRegistryImpl.getService(AbstractServiceRegistryImpl.java:214) [hibernate-core-5.4.30.Final.jar:5.4.30.Final]
	at org.hibernate.id.factory.internal.DefaultIdentifierGeneratorFactory.injectServices(DefaultIdentifierGeneratorFactory.java:152) [hibernate-core-5.4.30.Final.jar:5.4.30.Final]
	at org.hibernate.service.internal.AbstractServiceRegistryImpl.injectDependencies(AbstractServiceRegistryImpl.java:286) [hibernate-core-5.4.30.Final.jar:5.4.30.Final]
	at org.hibernate.service.internal.AbstractServiceRegistryImpl.initializeService(AbstractServiceRegistryImpl.java:243) [hibernate-core-5.4.30.Final.jar:5.4.30.Final]
	at org.hibernate.service.internal.AbstractServiceRegistryImpl.getService(AbstractServiceRegistryImpl.java:214) [hibernate-core-5.4.30.Final.jar:5.4.30.Final]
	at org.hibernate.boot.internal.InFlightMetadataCollectorImpl.<init>(InFlightMetadataCollectorImpl.java:176) [hibernate-core-5.4.30.Final.jar:5.4.30.Final]
	at org.hibernate.boot.model.process.spi.MetadataBuildingProcess.complete(MetadataBuildingProcess.java:127) [hibernate-core-5.4.30.Final.jar:5.4.30.Final]
	at org.hibernate.jpa.boot.internal.EntityManagerFactoryBuilderImpl.metadata(EntityManagerFactoryBuilderImpl.java:1224) [hibernate-core-5.4.30.Final.jar:5.4.30.Final]
	at org.hibernate.jpa.boot.internal.EntityManagerFactoryBuilderImpl.build(EntityManagerFactoryBuilderImpl.java:1255) [hibernate-core-5.4.30.Final.jar:5.4.30.Final]
	at org.springframework.orm.jpa.vendor.SpringHibernateJpaPersistenceProvider.createContainerEntityManagerFactory(SpringHibernateJpaPersistenceProvider.java:58) [spring-orm-5.3.6.jar:5.3.6]
	at org.springframework.orm.jpa.LocalContainerEntityManagerFactoryBean.createNativeEntityManagerFactory(LocalContainerEntityManagerFactoryBean.java:365) [spring-orm-5.3.6.jar:5.3.6]
	at org.springframework.orm.jpa.AbstractEntityManagerFactoryBean.buildNativeEntityManagerFactory(AbstractEntityManagerFactoryBean.java:409) [spring-orm-5.3.6.jar:5.3.6]
	at org.springframework.orm.jpa.AbstractEntityManagerFactoryBean.afterPropertiesSet(AbstractEntityManagerFactoryBean.java:396) [spring-orm-5.3.6.jar:5.3.6]
	at org.springframework.orm.jpa.LocalContainerEntityManagerFactoryBean.afterPropertiesSet(LocalContainerEntityManagerFactoryBean.java:341) [spring-orm-5.3.6.jar:5.3.6]
	at org.springframework.beans.factory.support.AbstractAutowireCapableBeanFactory.invokeInitMethods(AbstractAutowireCapableBeanFactory.java:1845) [spring-beans-5.3.6.jar:5.3.6]
	at org.springframework.beans.factory.support.AbstractAutowireCapableBeanFactory.initializeBean(AbstractAutowireCapableBeanFactory.java:1782) [spring-beans-5.3.6.jar:5.3.6]
	at org.springframework.beans.factory.support.AbstractAutowireCapableBeanFactory.doCreateBean(AbstractAutowireCapableBeanFactory.java:602) [spring-beans-5.3.6.jar:5.3.6]
	at org.springframework.beans.factory.support.AbstractAutowireCapableBeanFactory.createBean(AbstractAutowireCapableBeanFactory.java:524) [spring-beans-5.3.6.jar:5.3.6]
	at org.springframework.beans.factory.support.AbstractBeanFactory.lambda$doGetBean$0(AbstractBeanFactory.java:335) [spring-beans-5.3.6.jar:5.3.6]
	at org.springframework.beans.factory.support.DefaultSingletonBeanRegistry.getSingleton(DefaultSingletonBeanRegistry.java:234) ~[spring-beans-5.3.6.jar:5.3.6]
	at org.springframework.beans.factory.support.AbstractBeanFactory.doGetBean(AbstractBeanFactory.java:333) [spring-beans-5.3.6.jar:5.3.6]
	at org.springframework.beans.factory.support.AbstractBeanFactory.getBean(AbstractBeanFactory.java:208) [spring-beans-5.3.6.jar:5.3.6]
	at org.springframework.context.support.AbstractApplicationContext.getBean(AbstractApplicationContext.java:1154) ~[spring-context-5.3.6.jar:5.3.6]
	at org.springframework.context.support.AbstractApplicationContext.finishBeanFactoryInitialization(AbstractApplicationContext.java:908) ~[spring-context-5.3.6.jar:5.3.6]
	at org.springframework.context.support.AbstractApplicationContext.refresh(AbstractApplicationContext.java:583) ~[spring-context-5.3.6.jar:5.3.6]
	at org.springframework.boot.web.servlet.context.ServletWebServerApplicationContext.refresh(ServletWebServerApplicationContext.java:144) ~[spring-boot-2.4.5.jar:2.4.5]
	at org.springframework.boot.SpringApplication.refresh(SpringApplication.java:782) ~[spring-boot-2.4.5.jar:2.4.5]
	at org.springframework.boot.SpringApplication.refresh(SpringApplication.java:774) ~[spring-boot-2.4.5.jar:2.4.5]
	at org.springframework.boot.SpringApplication.refreshContext(SpringApplication.java:439) ~[spring-boot-2.4.5.jar:2.4.5]
	at org.springframework.boot.SpringApplication.run(SpringApplication.java:339) ~[spring-boot-2.4.5.jar:2.4.5]
	at org.springframework.boot.SpringApplication.run(SpringApplication.java:1340) ~[spring-boot-2.4.5.jar:2.4.5]
	at org.springframework.boot.SpringApplication.run(SpringApplication.java:1329) ~[spring-boot-2.4.5.jar:2.4.5]
	at com.nangman.NangmanApplication.main(NangmanApplication.java:15) ~[main/:na]
	at sun.reflect.NativeMethodAccessorImpl.invoke0(Native Method) ~[na:1.8.0_192]
	at sun.reflect.NativeMethodAccessorImpl.invoke(NativeMethodAccessorImpl.java:62) ~[na:1.8.0_192]
	at sun.reflect.DelegatingMethodAccessorImpl.invoke(DelegatingMethodAccessorImpl.java:43) ~[na:1.8.0_192]
	at java.lang.reflect.Method.invoke(Method.java:498) ~[na:1.8.0_192]
	at org.springframework.boot.devtools.restart.RestartLauncher.run(RestartLauncher.java:49) ~[spring-boot-devtools-2.4.5.jar:2.4.5]

2022-07-25 08:56:02.905  INFO 13864 --- [restartedMain] org.hibernate.dialect.Dialect            : HHH000400: Using dialect: org.hibernate.dialect.MySQL8Dialect
2022-07-25 08:56:03.489  INFO 13864 --- [restartedMain] com.zaxxer.hikari.HikariDataSource       : HikariPool-1 - Starting...
2022-07-25 08:56:04.508 ERROR 13864 --- [restartedMain] com.zaxxer.hikari.pool.HikariPool        : HikariPool-1 - Exception during pool initialization.

java.sql.SQLException: Access denied for user 'root'@'localhost' (using password: YES)
	at com.mysql.cj.jdbc.exceptions.SQLError.createSQLException(SQLError.java:129) ~[mysql-connector-java-8.0.23.jar:8.0.23]
	at com.mysql.cj.jdbc.exceptions.SQLExceptionsMapping.translateException(SQLExceptionsMapping.java:122) ~[mysql-connector-java-8.0.23.jar:8.0.23]
	at com.mysql.cj.jdbc.ConnectionImpl.createNewIO(ConnectionImpl.java:833) ~[mysql-connector-java-8.0.23.jar:8.0.23]
	at com.mysql.cj.jdbc.ConnectionImpl.<init>(ConnectionImpl.java:453) ~[mysql-connector-java-8.0.23.jar:8.0.23]
	at com.mysql.cj.jdbc.ConnectionImpl.getInstance(ConnectionImpl.java:246) ~[mysql-connector-java-8.0.23.jar:8.0.23]
	at com.mysql.cj.jdbc.NonRegisteringDriver.connect(NonRegisteringDriver.java:198) ~[mysql-connector-java-8.0.23.jar:8.0.23]
	at com.zaxxer.hikari.util.DriverDataSource.getConnection(DriverDataSource.java:138) ~[HikariCP-3.4.5.jar:na]
	at com.zaxxer.hikari.pool.PoolBase.newConnection(PoolBase.java:358) ~[HikariCP-3.4.5.jar:na]
	at com.zaxxer.hikari.pool.PoolBase.newPoolEntry(PoolBase.java:206) ~[HikariCP-3.4.5.jar:na]
	at com.zaxxer.hikari.pool.HikariPool.createPoolEntry(HikariPool.java:477) [HikariCP-3.4.5.jar:na]
	at com.zaxxer.hikari.pool.HikariPool.checkFailFast(HikariPool.java:560) [HikariCP-3.4.5.jar:na]
	at com.zaxxer.hikari.pool.HikariPool.<init>(HikariPool.java:115) [HikariCP-3.4.5.jar:na]
	at com.zaxxer.hikari.HikariDataSource.getConnection(HikariDataSource.java:112) [HikariCP-3.4.5.jar:na]
	at org.hibernate.engine.jdbc.connections.internal.DatasourceConnectionProviderImpl.getConnection(DatasourceConnectionProviderImpl.java:122) [hibernate-core-5.4.30.Final.jar:5.4.30.Final]
	at org.hibernate.engine.jdbc.env.internal.JdbcEnvironmentInitiator$ConnectionProviderJdbcConnectionAccess.obtainConnection(JdbcEnvironmentInitiator.java:180) [hibernate-core-5.4.30.Final.jar:5.4.30.Final]
	at org.hibernate.resource.transaction.backend.jdbc.internal.DdlTransactionIsolatorNonJtaImpl.getIsolatedConnection(DdlTransactionIsolatorNonJtaImpl.java:43) [hibernate-core-5.4.30.Final.jar:5.4.30.Final]
	at org.hibernate.tool.schema.internal.exec.ImprovedExtractionContextImpl.getJdbcConnection(ImprovedExtractionContextImpl.java:60) [hibernate-core-5.4.30.Final.jar:5.4.30.Final]
	at org.hibernate.tool.schema.internal.exec.ImprovedExtractionContextImpl.getJdbcDatabaseMetaData(ImprovedExtractionContextImpl.java:67) [hibernate-core-5.4.30.Final.jar:5.4.30.Final]
	at org.hibernate.tool.schema.extract.internal.InformationExtractorJdbcDatabaseMetaDataImpl.getTables(InformationExtractorJdbcDatabaseMetaDataImpl.java:333) [hibernate-core-5.4.30.Final.jar:5.4.30.Final]
	at org.hibernate.tool.schema.extract.internal.DatabaseInformationImpl.getTablesInformation(DatabaseInformationImpl.java:120) [hibernate-core-5.4.30.Final.jar:5.4.30.Final]
	at org.hibernate.tool.schema.internal.GroupedSchemaMigratorImpl.performTablesMigration(GroupedSchemaMigratorImpl.java:65) [hibernate-core-5.4.30.Final.jar:5.4.30.Final]
	at org.hibernate.tool.schema.internal.AbstractSchemaMigrator.performMigration(AbstractSchemaMigrator.java:207) [hibernate-core-5.4.30.Final.jar:5.4.30.Final]
	at org.hibernate.tool.schema.internal.AbstractSchemaMigrator.doMigration(AbstractSchemaMigrator.java:114) [hibernate-core-5.4.30.Final.jar:5.4.30.Final]
	at org.hibernate.tool.schema.spi.SchemaManagementToolCoordinator.performDatabaseAction(SchemaManagementToolCoordinator.java:184) [hibernate-core-5.4.30.Final.jar:5.4.30.Final]
	at org.hibernate.tool.schema.spi.SchemaManagementToolCoordinator.process(SchemaManagementToolCoordinator.java:73) [hibernate-core-5.4.30.Final.jar:5.4.30.Final]
	at org.hibernate.internal.SessionFactoryImpl.<init>(SessionFactoryImpl.java:318) [hibernate-core-5.4.30.Final.jar:5.4.30.Final]
	at org.hibernate.boot.internal.SessionFactoryBuilderImpl.build(SessionFactoryBuilderImpl.java:468) [hibernate-core-5.4.30.Final.jar:5.4.30.Final]
	at org.hibernate.jpa.boot.internal.EntityManagerFactoryBuilderImpl.build(EntityManagerFactoryBuilderImpl.java:1259) [hibernate-core-5.4.30.Final.jar:5.4.30.Final]
	at org.springframework.orm.jpa.vendor.SpringHibernateJpaPersistenceProvider.createContainerEntityManagerFactory(SpringHibernateJpaPersistenceProvider.java:58) [spring-orm-5.3.6.jar:5.3.6]
	at org.springframework.orm.jpa.LocalContainerEntityManagerFactoryBean.createNativeEntityManagerFactory(LocalContainerEntityManagerFactoryBean.java:365) [spring-orm-5.3.6.jar:5.3.6]
	at org.springframework.orm.jpa.AbstractEntityManagerFactoryBean.buildNativeEntityManagerFactory(AbstractEntityManagerFactoryBean.java:409) [spring-orm-5.3.6.jar:5.3.6]
	at org.springframework.orm.jpa.AbstractEntityManagerFactoryBean.afterPropertiesSet(AbstractEntityManagerFactoryBean.java:396) [spring-orm-5.3.6.jar:5.3.6]
	at org.springframework.orm.jpa.LocalContainerEntityManagerFactoryBean.afterPropertiesSet(LocalContainerEntityManagerFactoryBean.java:341) [spring-orm-5.3.6.jar:5.3.6]
	at org.springframework.beans.factory.support.AbstractAutowireCapableBeanFactory.invokeInitMethods(AbstractAutowireCapableBeanFactory.java:1845) [spring-beans-5.3.6.jar:5.3.6]
	at org.springframework.beans.factory.support.AbstractAutowireCapableBeanFactory.initializeBean(AbstractAutowireCapableBeanFactory.java:1782) [spring-beans-5.3.6.jar:5.3.6]
	at org.springframework.beans.factory.support.AbstractAutowireCapableBeanFactory.doCreateBean(AbstractAutowireCapableBeanFactory.java:602) [spring-beans-5.3.6.jar:5.3.6]
	at org.springframework.beans.factory.support.AbstractAutowireCapableBeanFactory.createBean(AbstractAutowireCapableBeanFactory.java:524) [spring-beans-5.3.6.jar:5.3.6]
	at org.springframework.beans.factory.support.AbstractBeanFactory.lambda$doGetBean$0(AbstractBeanFactory.java:335) [spring-beans-5.3.6.jar:5.3.6]
	at org.springframework.beans.factory.support.DefaultSingletonBeanRegistry.getSingleton(DefaultSingletonBeanRegistry.java:234) ~[spring-beans-5.3.6.jar:5.3.6]
	at org.springframework.beans.factory.support.AbstractBeanFactory.doGetBean(AbstractBeanFactory.java:333) [spring-beans-5.3.6.jar:5.3.6]
	at org.springframework.beans.factory.support.AbstractBeanFactory.getBean(AbstractBeanFactory.java:208) [spring-beans-5.3.6.jar:5.3.6]
	at org.springframework.context.support.AbstractApplicationContext.getBean(AbstractApplicationContext.java:1154) ~[spring-context-5.3.6.jar:5.3.6]
	at org.springframework.context.support.AbstractApplicationContext.finishBeanFactoryInitialization(AbstractApplicationContext.java:908) ~[spring-context-5.3.6.jar:5.3.6]
	at org.springframework.context.support.AbstractApplicationContext.refresh(AbstractApplicationContext.java:583) ~[spring-context-5.3.6.jar:5.3.6]
	at org.springframework.boot.web.servlet.context.ServletWebServerApplicationContext.refresh(ServletWebServerApplicationContext.java:144) ~[spring-boot-2.4.5.jar:2.4.5]
	at org.springframework.boot.SpringApplication.refresh(SpringApplication.java:782) ~[spring-boot-2.4.5.jar:2.4.5]
	at org.springframework.boot.SpringApplication.refresh(SpringApplication.java:774) ~[spring-boot-2.4.5.jar:2.4.5]
	at org.springframework.boot.SpringApplication.refreshContext(SpringApplication.java:439) ~[spring-boot-2.4.5.jar:2.4.5]
	at org.springframework.boot.SpringApplication.run(SpringApplication.java:339) ~[spring-boot-2.4.5.jar:2.4.5]
	at org.springframework.boot.SpringApplication.run(SpringApplication.java:1340) ~[spring-boot-2.4.5.jar:2.4.5]
	at org.springframework.boot.SpringApplication.run(SpringApplication.java:1329) ~[spring-boot-2.4.5.jar:2.4.5]
	at com.nangman.NangmanApplication.main(NangmanApplication.java:15) ~[main/:na]
	at sun.reflect.NativeMethodAccessorImpl.invoke0(Native Method) ~[na:1.8.0_192]
	at sun.reflect.NativeMethodAccessorImpl.invoke(NativeMethodAccessorImpl.java:62) ~[na:1.8.0_192]
	at sun.reflect.DelegatingMethodAccessorImpl.invoke(DelegatingMethodAccessorImpl.java:43) ~[na:1.8.0_192]
	at java.lang.reflect.Method.invoke(Method.java:498) ~[na:1.8.0_192]
	at org.springframework.boot.devtools.restart.RestartLauncher.run(RestartLauncher.java:49) ~[spring-boot-devtools-2.4.5.jar:2.4.5]

2022-07-25 08:56:04.510  WARN 13864 --- [restartedMain] o.h.engine.jdbc.spi.SqlExceptionHelper   : SQL Error: 1045, SQLState: 28000
2022-07-25 08:56:04.510 ERROR 13864 --- [restartedMain] o.h.engine.jdbc.spi.SqlExceptionHelper   : Access denied for user 'root'@'localhost' (using password: YES)
2022-07-25 08:56:04.515 ERROR 13864 --- [restartedMain] j.LocalContainerEntityManagerFactoryBean : Failed to initialize JPA EntityManagerFactory: [PersistenceUnit: default] Unable to build Hibernate SessionFactory; nested exception is org.hibernate.exception.GenericJDBCException: Unable to open JDBC Connection for DDL execution
2022-07-25 08:56:04.516  WARN 13864 --- [restartedMain] ConfigServletWebServerApplicationContext : Exception encountered during context initialization - cancelling refresh attempt: org.springframework.beans.factory.BeanCreationException: Error creating bean with name 'entityManagerFactory' defined in class path resource [org/springframework/boot/autoconfigure/orm/jpa/HibernateJpaConfiguration.class]: Invocation of init method failed; nested exception is javax.persistence.PersistenceException: [PersistenceUnit: default] Unable to build Hibernate SessionFactory; nested exception is org.hibernate.exception.GenericJDBCException: Unable to open JDBC Connection for DDL execution
2022-07-25 08:56:04.518  INFO 13864 --- [restartedMain] o.apache.catalina.core.StandardService   : Stopping service [Tomcat]
2022-07-25 08:56:04.531  INFO 13864 --- [restartedMain] ConditionEvaluationReportLoggingListener : 

Error starting ApplicationContext. To display the conditions report re-run your application with 'debug' enabled.
2022-07-25 08:56:04.551 ERROR 13864 --- [restartedMain] o.s.boot.SpringApplication               : Application run failed

org.springframework.beans.factory.BeanCreationException: Error creating bean with name 'entityManagerFactory' defined in class path resource [org/springframework/boot/autoconfigure/orm/jpa/HibernateJpaConfiguration.class]: Invocation of init method failed; nested exception is javax.persistence.PersistenceException: [PersistenceUnit: default] Unable to build Hibernate SessionFactory; nested exception is org.hibernate.exception.GenericJDBCException: Unable to open JDBC Connection for DDL execution
	at org.springframework.beans.factory.support.AbstractAutowireCapableBeanFactory.initializeBean(AbstractAutowireCapableBeanFactory.java:1786) ~[spring-beans-5.3.6.jar:5.3.6]
	at org.springframework.beans.factory.support.AbstractAutowireCapableBeanFactory.doCreateBean(AbstractAutowireCapableBeanFactory.java:602) ~[spring-beans-5.3.6.jar:5.3.6]
	at org.springframework.beans.factory.support.AbstractAutowireCapableBeanFactory.createBean(AbstractAutowireCapableBeanFactory.java:524) ~[spring-beans-5.3.6.jar:5.3.6]
	at org.springframework.beans.factory.support.AbstractBeanFactory.lambda$doGetBean$0(AbstractBeanFactory.java:335) ~[spring-beans-5.3.6.jar:5.3.6]
	at org.springframework.beans.factory.support.DefaultSingletonBeanRegistry.getSingleton(DefaultSingletonBeanRegistry.java:234) ~[spring-beans-5.3.6.jar:5.3.6]
	at org.springframework.beans.factory.support.AbstractBeanFactory.doGetBean(AbstractBeanFactory.java:333) ~[spring-beans-5.3.6.jar:5.3.6]
	at org.springframework.beans.factory.support.AbstractBeanFactory.getBean(AbstractBeanFactory.java:208) ~[spring-beans-5.3.6.jar:5.3.6]
	at org.springframework.context.support.AbstractApplicationContext.getBean(AbstractApplicationContext.java:1154) ~[spring-context-5.3.6.jar:5.3.6]
	at org.springframework.context.support.AbstractApplicationContext.finishBeanFactoryInitialization(AbstractApplicationContext.java:908) ~[spring-context-5.3.6.jar:5.3.6]
	at org.springframework.context.support.AbstractApplicationContext.refresh(AbstractApplicationContext.java:583) ~[spring-context-5.3.6.jar:5.3.6]
	at org.springframework.boot.web.servlet.context.ServletWebServerApplicationContext.refresh(ServletWebServerApplicationContext.java:144) ~[spring-boot-2.4.5.jar:2.4.5]
	at org.springframework.boot.SpringApplication.refresh(SpringApplication.java:782) [spring-boot-2.4.5.jar:2.4.5]
	at org.springframework.boot.SpringApplication.refresh(SpringApplication.java:774) [spring-boot-2.4.5.jar:2.4.5]
	at org.springframework.boot.SpringApplication.refreshContext(SpringApplication.java:439) [spring-boot-2.4.5.jar:2.4.5]
	at org.springframework.boot.SpringApplication.run(SpringApplication.java:339) [spring-boot-2.4.5.jar:2.4.5]
	at org.springframework.boot.SpringApplication.run(SpringApplication.java:1340) [spring-boot-2.4.5.jar:2.4.5]
	at org.springframework.boot.SpringApplication.run(SpringApplication.java:1329) [spring-boot-2.4.5.jar:2.4.5]
	at com.nangman.NangmanApplication.main(NangmanApplication.java:15) [main/:na]
	at sun.reflect.NativeMethodAccessorImpl.invoke0(Native Method) ~[na:1.8.0_192]
	at sun.reflect.NativeMethodAccessorImpl.invoke(NativeMethodAccessorImpl.java:62) ~[na:1.8.0_192]
	at sun.reflect.DelegatingMethodAccessorImpl.invoke(DelegatingMethodAccessorImpl.java:43) ~[na:1.8.0_192]
	at java.lang.reflect.Method.invoke(Method.java:498) ~[na:1.8.0_192]
	at org.springframework.boot.devtools.restart.RestartLauncher.run(RestartLauncher.java:49) [spring-boot-devtools-2.4.5.jar:2.4.5]
Caused by: javax.persistence.PersistenceException: [PersistenceUnit: default] Unable to build Hibernate SessionFactory; nested exception is org.hibernate.exception.GenericJDBCException: Unable to open JDBC Connection for DDL execution
	at org.springframework.orm.jpa.AbstractEntityManagerFactoryBean.buildNativeEntityManagerFactory(AbstractEntityManagerFactoryBean.java:421) ~[spring-orm-5.3.6.jar:5.3.6]
	at org.springframework.orm.jpa.AbstractEntityManagerFactoryBean.afterPropertiesSet(AbstractEntityManagerFactoryBean.java:396) ~[spring-orm-5.3.6.jar:5.3.6]
	at org.springframework.orm.jpa.LocalContainerEntityManagerFactoryBean.afterPropertiesSet(LocalContainerEntityManagerFactoryBean.java:341) ~[spring-orm-5.3.6.jar:5.3.6]
	at org.springframework.beans.factory.support.AbstractAutowireCapableBeanFactory.invokeInitMethods(AbstractAutowireCapableBeanFactory.java:1845) ~[spring-beans-5.3.6.jar:5.3.6]
	at org.springframework.beans.factory.support.AbstractAutowireCapableBeanFactory.initializeBean(AbstractAutowireCapableBeanFactory.java:1782) ~[spring-beans-5.3.6.jar:5.3.6]
	... 22 common frames omitted
Caused by: org.hibernate.exception.GenericJDBCException: Unable to open JDBC Connection for DDL execution
	at org.hibernate.exception.internal.StandardSQLExceptionConverter.convert(StandardSQLExceptionConverter.java:47) ~[hibernate-core-5.4.30.Final.jar:5.4.30.Final]
	at org.hibernate.engine.jdbc.spi.SqlExceptionHelper.convert(SqlExceptionHelper.java:113) ~[hibernate-core-5.4.30.Final.jar:5.4.30.Final]
	at org.hibernate.engine.jdbc.spi.SqlExceptionHelper.convert(SqlExceptionHelper.java:99) ~[hibernate-core-5.4.30.Final.jar:5.4.30.Final]
	at org.hibernate.resource.transaction.backend.jdbc.internal.DdlTransactionIsolatorNonJtaImpl.getIsolatedConnection(DdlTransactionIsolatorNonJtaImpl.java:69) ~[hibernate-core-5.4.30.Final.jar:5.4.30.Final]
	at org.hibernate.tool.schema.internal.exec.ImprovedExtractionContextImpl.getJdbcConnection(ImprovedExtractionContextImpl.java:60) ~[hibernate-core-5.4.30.Final.jar:5.4.30.Final]
	at org.hibernate.tool.schema.internal.exec.ImprovedExtractionContextImpl.getJdbcDatabaseMetaData(ImprovedExtractionContextImpl.java:67) ~[hibernate-core-5.4.30.Final.jar:5.4.30.Final]
	at org.hibernate.tool.schema.extract.internal.InformationExtractorJdbcDatabaseMetaDataImpl.getTables(InformationExtractorJdbcDatabaseMetaDataImpl.java:333) ~[hibernate-core-5.4.30.Final.jar:5.4.30.Final]
	at org.hibernate.tool.schema.extract.internal.DatabaseInformationImpl.getTablesInformation(DatabaseInformationImpl.java:120) ~[hibernate-core-5.4.30.Final.jar:5.4.30.Final]
	at org.hibernate.tool.schema.internal.GroupedSchemaMigratorImpl.performTablesMigration(GroupedSchemaMigratorImpl.java:65) ~[hibernate-core-5.4.30.Final.jar:5.4.30.Final]
	at org.hibernate.tool.schema.internal.AbstractSchemaMigrator.performMigration(AbstractSchemaMigrator.java:207) ~[hibernate-core-5.4.30.Final.jar:5.4.30.Final]
	at org.hibernate.tool.schema.internal.AbstractSchemaMigrator.doMigration(AbstractSchemaMigrator.java:114) ~[hibernate-core-5.4.30.Final.jar:5.4.30.Final]
	at org.hibernate.tool.schema.spi.SchemaManagementToolCoordinator.performDatabaseAction(SchemaManagementToolCoordinator.java:184) ~[hibernate-core-5.4.30.Final.jar:5.4.30.Final]
	at org.hibernate.tool.schema.spi.SchemaManagementToolCoordinator.process(SchemaManagementToolCoordinator.java:73) ~[hibernate-core-5.4.30.Final.jar:5.4.30.Final]
	at org.hibernate.internal.SessionFactoryImpl.<init>(SessionFactoryImpl.java:318) ~[hibernate-core-5.4.30.Final.jar:5.4.30.Final]
	at org.hibernate.boot.internal.SessionFactoryBuilderImpl.build(SessionFactoryBuilderImpl.java:468) ~[hibernate-core-5.4.30.Final.jar:5.4.30.Final]
	at org.hibernate.jpa.boot.internal.EntityManagerFactoryBuilderImpl.build(EntityManagerFactoryBuilderImpl.java:1259) ~[hibernate-core-5.4.30.Final.jar:5.4.30.Final]
	at org.springframework.orm.jpa.vendor.SpringHibernateJpaPersistenceProvider.createContainerEntityManagerFactory(SpringHibernateJpaPersistenceProvider.java:58) ~[spring-orm-5.3.6.jar:5.3.6]
	at org.springframework.orm.jpa.LocalContainerEntityManagerFactoryBean.createNativeEntityManagerFactory(LocalContainerEntityManagerFactoryBean.java:365) ~[spring-orm-5.3.6.jar:5.3.6]
	at org.springframework.orm.jpa.AbstractEntityManagerFactoryBean.buildNativeEntityManagerFactory(AbstractEntityManagerFactoryBean.java:409) ~[spring-orm-5.3.6.jar:5.3.6]
	... 26 common frames omitted
Caused by: java.sql.SQLException: Access denied for user 'root'@'localhost' (using password: YES)
	at com.mysql.cj.jdbc.exceptions.SQLError.createSQLException(SQLError.java:129) ~[mysql-connector-java-8.0.23.jar:8.0.23]
	at com.mysql.cj.jdbc.exceptions.SQLExceptionsMapping.translateException(SQLExceptionsMapping.java:122) ~[mysql-connector-java-8.0.23.jar:8.0.23]
	at com.mysql.cj.jdbc.ConnectionImpl.createNewIO(ConnectionImpl.java:833) ~[mysql-connector-java-8.0.23.jar:8.0.23]
	at com.mysql.cj.jdbc.ConnectionImpl.<init>(ConnectionImpl.java:453) ~[mysql-connector-java-8.0.23.jar:8.0.23]
	at com.mysql.cj.jdbc.ConnectionImpl.getInstance(ConnectionImpl.java:246) ~[mysql-connector-java-8.0.23.jar:8.0.23]
	at com.mysql.cj.jdbc.NonRegisteringDriver.connect(NonRegisteringDriver.java:198) ~[mysql-connector-java-8.0.23.jar:8.0.23]
	at com.zaxxer.hikari.util.DriverDataSource.getConnection(DriverDataSource.java:138) ~[HikariCP-3.4.5.jar:na]
	at com.zaxxer.hikari.pool.PoolBase.newConnection(PoolBase.java:358) ~[HikariCP-3.4.5.jar:na]
	at com.zaxxer.hikari.pool.PoolBase.newPoolEntry(PoolBase.java:206) ~[HikariCP-3.4.5.jar:na]
	at com.zaxxer.hikari.pool.HikariPool.createPoolEntry(HikariPool.java:477) ~[HikariCP-3.4.5.jar:na]
	at com.zaxxer.hikari.pool.HikariPool.checkFailFast(HikariPool.java:560) ~[HikariCP-3.4.5.jar:na]
	at com.zaxxer.hikari.pool.HikariPool.<init>(HikariPool.java:115) ~[HikariCP-3.4.5.jar:na]
	at com.zaxxer.hikari.HikariDataSource.getConnection(HikariDataSource.java:112) ~[HikariCP-3.4.5.jar:na]
	at org.hibernate.engine.jdbc.connections.internal.DatasourceConnectionProviderImpl.getConnection(DatasourceConnectionProviderImpl.java:122) ~[hibernate-core-5.4.30.Final.jar:5.4.30.Final]
	at org.hibernate.engine.jdbc.env.internal.JdbcEnvironmentInitiator$ConnectionProviderJdbcConnectionAccess.obtainConnection(JdbcEnvironmentInitiator.java:180) ~[hibernate-core-5.4.30.Final.jar:5.4.30.Final]
	at org.hibernate.resource.transaction.backend.jdbc.internal.DdlTransactionIsolatorNonJtaImpl.getIsolatedConnection(DdlTransactionIsolatorNonJtaImpl.java:43) ~[hibernate-core-5.4.30.Final.jar:5.4.30.Final]
	... 41 common frames omitted

2022-07-25 08:57:25.702  INFO 5564 --- [restartedMain] com.nangman.NangmanApplication           : Starting NangmanApplication using Java 1.8.0_192 on DESKTOP-KVCQHCD with PID 5564 (C:\Users\SSAFY\Desktop\SSAFY\공통프로젝트\backend\backend\build\classes\java\main started by SSAFY in C:\Users\SSAFY\Desktop\SSAFY\공통프로젝트\backend)
2022-07-25 08:57:25.705  INFO 5564 --- [restartedMain] com.nangman.NangmanApplication           : No active profile set, falling back to default profiles: default
2022-07-25 08:57:25.749  INFO 5564 --- [restartedMain] .e.DevToolsPropertyDefaultsPostProcessor : Devtools property defaults active! Set 'spring.devtools.add-properties' to 'false' to disable
2022-07-25 08:57:25.750  INFO 5564 --- [restartedMain] .e.DevToolsPropertyDefaultsPostProcessor : For additional web related logging consider setting the 'logging.level.web' property to 'DEBUG'
2022-07-25 08:57:26.733  INFO 5564 --- [restartedMain] .s.d.r.c.RepositoryConfigurationDelegate : Bootstrapping Spring Data JPA repositories in DEFAULT mode.
2022-07-25 08:57:26.787  INFO 5564 --- [restartedMain] .s.d.r.c.RepositoryConfigurationDelegate : Finished Spring Data repository scanning in 46 ms. Found 1 JPA repository interfaces.
2022-07-25 08:57:27.033  INFO 5564 --- [restartedMain] trationDelegate$BeanPostProcessorChecker : Bean 'org.springframework.security.access.expression.method.DefaultMethodSecurityExpressionHandler@9b03817' of type [org.springframework.security.access.expression.method.DefaultMethodSecurityExpressionHandler] is not eligible for getting processed by all BeanPostProcessors (for example: not eligible for auto-proxying)
2022-07-25 08:57:27.036  INFO 5564 --- [restartedMain] trationDelegate$BeanPostProcessorChecker : Bean 'methodSecurityMetadataSource' of type [org.springframework.security.access.method.DelegatingMethodSecurityMetadataSource] is not eligible for getting processed by all BeanPostProcessors (for example: not eligible for auto-proxying)
2022-07-25 08:57:27.279  INFO 5564 --- [restartedMain] o.s.b.w.embedded.tomcat.TomcatWebServer  : Tomcat initialized with port(s): 8080 (http)
2022-07-25 08:57:27.288  INFO 5564 --- [restartedMain] o.apache.catalina.core.StandardService   : Starting service [Tomcat]
2022-07-25 08:57:27.288  INFO 5564 --- [restartedMain] org.apache.catalina.core.StandardEngine  : Starting Servlet engine: [Apache Tomcat/9.0.45]
2022-07-25 08:57:27.405  INFO 5564 --- [restartedMain] o.a.c.c.C.[Tomcat].[localhost].[/]       : Initializing Spring embedded WebApplicationContext
2022-07-25 08:57:27.405  INFO 5564 --- [restartedMain] w.s.c.ServletWebServerApplicationContext : Root WebApplicationContext: initialization completed in 1654 ms
2022-07-25 08:57:27.519 DEBUG 5564 --- [restartedMain] o.s.web.filter.CharacterEncodingFilter   : Filter 'characterEncodingFilter' configured for use
2022-07-25 08:57:27.519 DEBUG 5564 --- [restartedMain] o.s.w.f.CommonsRequestLoggingFilter      : Filter 'commonsRequestLoggingFilter' configured for use
2022-07-25 08:57:27.636  INFO 5564 --- [restartedMain] o.hibernate.jpa.internal.util.LogHelper  : HHH000204: Processing PersistenceUnitInfo [name: default]
2022-07-25 08:57:27.735  INFO 5564 --- [restartedMain] org.hibernate.Version                    : HHH000412: Hibernate ORM core version 5.4.30.Final
2022-07-25 08:57:27.843  INFO 5564 --- [restartedMain] o.hibernate.annotations.common.Version   : HCANN000001: Hibernate Commons Annotations {5.1.2.Final}
2022-07-25 08:57:27.916  INFO 5564 --- [restartedMain] com.zaxxer.hikari.HikariDataSource       : HikariPool-1 - Starting...
2022-07-25 08:57:28.103  INFO 5564 --- [restartedMain] com.zaxxer.hikari.HikariDataSource       : HikariPool-1 - Start completed.
2022-07-25 08:57:28.114  INFO 5564 --- [restartedMain] org.hibernate.dialect.Dialect            : HHH000400: Using dialect: org.hibernate.dialect.MySQL8Dialect
2022-07-25 08:57:28.767 DEBUG 5564 --- [restartedMain] org.hibernate.SQL                        : 
    
    create table board (
       id bigint not null auto_increment,
        created_date datetime(6),
        last_modified_date datetime(6),
        content varchar(255),
        deleted_date datetime(6),
        bus_id bigint,
        user_id bigint,
        primary key (id)
    ) engine=InnoDB
2022-07-25 08:57:28.791 DEBUG 5564 --- [restartedMain] org.hibernate.SQL                        : 
    
    create table bus (
       id bigint not null auto_increment,
        created_date datetime(6),
        last_modified_date datetime(6),
        lat float not null,
        lng float not null,
        vehicleno varchar(255),
        route_id bigint,
        primary key (id)
    ) engine=InnoDB
2022-07-25 08:57:28.811 DEBUG 5564 --- [restartedMain] org.hibernate.SQL                        : 
    
    create table busstop (
       id bigint not null auto_increment,
        created_date datetime(6),
        last_modified_date datetime(6),
        busstop_name varchar(255),
        busstop_no varchar(255),
        busstop_order varchar(255),
        route_id bigint,
        primary key (id)
    ) engine=InnoDB
2022-07-25 08:57:28.829 DEBUG 5564 --- [restartedMain] org.hibernate.SQL                        : 
    
    create table chat_in_out_record (
       id bigint not null auto_increment,
        created_date datetime(6),
        last_modified_date datetime(6),
        in_time datetime(6),
        out_time datetime(6),
        chatting_room_id bigint,
        user_id bigint,
        primary key (id)
    ) engine=InnoDB
2022-07-25 08:57:28.847 DEBUG 5564 --- [restartedMain] org.hibernate.SQL                        : 
    
    create table chat (
       id bigint not null auto_increment,
        created_date datetime(6),
        last_modified_date datetime(6),
        content varchar(255),
        likes integer not null,
        chatting_room_id bigint,
        user_id bigint,
        primary key (id)
    ) engine=InnoDB
2022-07-25 08:57:28.866 DEBUG 5564 --- [restartedMain] org.hibernate.SQL                        : 
    
    create table chatting_room (
       id bigint not null auto_increment,
        created_date datetime(6),
        last_modified_date datetime(6),
        terminated_date datetime(6),
        bus_id bigint,
        report_id bigint,
        primary key (id)
    ) engine=InnoDB
2022-07-25 08:57:28.888 DEBUG 5564 --- [restartedMain] org.hibernate.SQL                        : 
    
    create table city (
       id bigint not null auto_increment,
        created_date datetime(6),
        last_modified_date datetime(6),
        code varchar(255),
        name varchar(255),
        primary key (id)
    ) engine=InnoDB
2022-07-25 08:57:28.906 DEBUG 5564 --- [restartedMain] org.hibernate.SQL                        : 
    
    create table nickname (
       id bigint not null auto_increment,
        created_date datetime(6),
        last_modified_date datetime(6),
        nickname varchar(255),
        primary key (id)
    ) engine=InnoDB
2022-07-25 08:57:28.925 DEBUG 5564 --- [restartedMain] org.hibernate.SQL                        : 
    
    create table report (
       id bigint not null auto_increment,
        created_date datetime(6),
        last_modified_date datetime(6),
        content varchar(255),
        primary key (id)
    ) engine=InnoDB
2022-07-25 08:57:28.945 DEBUG 5564 --- [restartedMain] org.hibernate.SQL                        : 
    
    create table route (
       id bigint not null auto_increment,
        created_date datetime(6),
        last_modified_date datetime(6),
        code varchar(255),
        end_busstop varchar(255),
        end_time varchar(255),
        name varchar(255),
        start_busstop varchar(255),
        start_time varchar(255),
        type varchar(255),
        city_id bigint,
        primary key (id)
    ) engine=InnoDB
2022-07-25 08:57:28.965 DEBUG 5564 --- [restartedMain] org.hibernate.SQL                        : 
    
    create table setting (
       id bigint not null auto_increment,
        created_date datetime(6),
        last_modified_date datetime(6),
        whisper_mode bit not null,
        user_id bigint,
        primary key (id)
    ) engine=InnoDB
2022-07-25 08:57:28.985 DEBUG 5564 --- [restartedMain] org.hibernate.SQL                        : 
    
    create table template (
       id bigint not null auto_increment,
        created_date datetime(6),
        last_modified_date datetime(6),
        content varchar(255),
        type integer not null,
        primary key (id)
    ) engine=InnoDB
2022-07-25 08:57:29.005 DEBUG 5564 --- [restartedMain] org.hibernate.SQL                        : 
    
    alter table user 
       add column created_date datetime(6)
2022-07-25 08:57:29.025 DEBUG 5564 --- [restartedMain] org.hibernate.SQL                        : 
    
    alter table user 
       add column last_modified_date datetime(6)
2022-07-25 08:57:29.037 DEBUG 5564 --- [restartedMain] org.hibernate.SQL                        : 
    
    alter table user 
       add column deleted_date varchar(255)
2022-07-25 08:57:29.050 DEBUG 5564 --- [restartedMain] org.hibernate.SQL                        : 
    
    alter table user 
       add column is_deleted bit not null
2022-07-25 08:57:29.064 DEBUG 5564 --- [restartedMain] org.hibernate.SQL                        : 
    
    alter table user 
       add column is_rouletted bit not null
2022-07-25 08:57:29.077 DEBUG 5564 --- [restartedMain] org.hibernate.SQL                        : 
    
    alter table user 
       add column social_token varchar(255)
2022-07-25 08:57:29.090 DEBUG 5564 --- [restartedMain] org.hibernate.SQL                        : 
    
    alter table user 
       add column user_birthday varchar(255)
2022-07-25 08:57:29.104 DEBUG 5564 --- [restartedMain] org.hibernate.SQL                        : 
    
    alter table user 
       add column useremail varchar(255)
2022-07-25 08:57:29.117 DEBUG 5564 --- [restartedMain] org.hibernate.SQL                        : 
    
    alter table user 
       add column nickname_id bigint
2022-07-25 08:57:29.131 DEBUG 5564 --- [restartedMain] org.hibernate.SQL                        : 
    
    alter table user 
       add column nickname bigint
2022-07-25 08:57:29.145 DEBUG 5564 --- [restartedMain] org.hibernate.SQL                        : 
    
    alter table board 
       add constraint FK6whdmo3enjn4o4axgrcpv6vm3 
       foreign key (bus_id) 
       references bus (id)
2022-07-25 08:57:29.190 DEBUG 5564 --- [restartedMain] org.hibernate.SQL                        : 
    
    alter table board 
       add constraint FKfyf1fchnby6hndhlfaidier1r 
       foreign key (user_id) 
       references user (id)
2022-07-25 08:57:29.241 DEBUG 5564 --- [restartedMain] org.hibernate.SQL                        : 
    
    alter table bus 
       add constraint FKmrkjerbucw6j8sy8xewrig9wj 
       foreign key (route_id) 
       references route (id)
2022-07-25 08:57:29.288 DEBUG 5564 --- [restartedMain] org.hibernate.SQL                        : 
    
    alter table busstop 
       add constraint FKm21wsh89amm6rper44mb7gxrq 
       foreign key (route_id) 
       references route (id)
2022-07-25 08:57:29.334 DEBUG 5564 --- [restartedMain] org.hibernate.SQL                        : 
    
    alter table chat_in_out_record 
       add constraint FK6kiorvygy8fdmyfu2snsdv19f 
       foreign key (chatting_room_id) 
       references chatting_room (id)
2022-07-25 08:57:29.377 DEBUG 5564 --- [restartedMain] org.hibernate.SQL                        : 
    
    alter table chat_in_out_record 
       add constraint FK3q8fuxek4r2ymevi03e33q1bl 
       foreign key (user_id) 
       references user (id)
2022-07-25 08:57:29.428 DEBUG 5564 --- [restartedMain] org.hibernate.SQL                        : 
    
    alter table chat
       add constraint FKi6wx9n3gd5wd32f9vsmb94gdd 
       foreign key (chatting_room_id) 
       references chatting_room (id)
2022-07-25 08:57:29.474 DEBUG 5564 --- [restartedMain] org.hibernate.SQL                        : 
    
    alter table chat
       add constraint FKq6nviowmr99ttn5pcxy1xcrrt 
       foreign key (user_id) 
       references user (id)
2022-07-25 08:57:29.523 DEBUG 5564 --- [restartedMain] org.hibernate.SQL                        : 
    
    alter table chatting_room 
       add constraint FK856hqtbedi0bmwy9vs1v85m8y 
       foreign key (bus_id) 
       references bus (id)
2022-07-25 08:57:29.575 DEBUG 5564 --- [restartedMain] org.hibernate.SQL                        : 
    
    alter table chatting_room 
       add constraint FK633x7ccmokrjxdvkr48xh8nra 
       foreign key (report_id) 
       references report (id)
2022-07-25 08:57:29.642 DEBUG 5564 --- [restartedMain] org.hibernate.SQL                        : 
    
    alter table route 
       add constraint FKp8ojjp63ogc36rn3xscpu09l2 
       foreign key (city_id) 
       references city (id)
2022-07-25 08:57:29.690 DEBUG 5564 --- [restartedMain] org.hibernate.SQL                        : 
    
    alter table setting 
       add constraint FK6m6uu5jsvuw8dm7d2vl8rolnr 
       foreign key (user_id) 
       references user (id)
2022-07-25 08:57:29.749 DEBUG 5564 --- [restartedMain] org.hibernate.SQL                        : 
    
    alter table user 
       add constraint FKota0ae40x22a4o0tm5wr7qtx4 
       foreign key (nickname_id) 
       references nickname (id)
2022-07-25 08:57:29.858 DEBUG 5564 --- [restartedMain] org.hibernate.SQL                        : 
    
    alter table user 
       add constraint FKk258o5ibkucgb9bdh91vlr415 
       foreign key (nickname) 
       references nickname (id)
2022-07-25 08:57:29.931  INFO 5564 --- [restartedMain] o.h.e.t.j.p.i.JtaPlatformInitiator       : HHH000490: Using JtaPlatform implementation: [org.hibernate.engine.transaction.jta.platform.internal.NoJtaPlatform]
2022-07-25 08:57:29.939  INFO 5564 --- [restartedMain] j.LocalContainerEntityManagerFactoryBean : Initialized JPA EntityManagerFactory for persistence unit 'default'
2022-07-25 08:57:29.972  INFO 5564 --- [restartedMain] o.s.b.d.a.OptionalLiveReloadServer       : LiveReload server is running on port 35729
2022-07-25 08:57:30.038  WARN 5564 --- [restartedMain] JpaBaseConfiguration$JpaWebConfiguration : spring.jpa.open-in-view is enabled by default. Therefore, database queries may be performed during view rendering. Explicitly configure spring.jpa.open-in-view to disable this warning
2022-07-25 08:57:30.335 DEBUG 5564 --- [restartedMain] s.w.s.m.m.a.RequestMappingHandlerMapping : 11 mappings in 'requestMappingHandlerMapping'
2022-07-25 08:57:30.418  INFO 5564 --- [restartedMain] o.s.b.a.e.web.EndpointLinksResolver      : Exposing 2 endpoint(s) beneath base path '/actuator'
2022-07-25 08:57:30.580  INFO 5564 --- [restartedMain] o.s.s.web.DefaultSecurityFilterChain     : Will secure any request with [org.springframework.security.web.context.request.async.WebAsyncManagerIntegrationFilter@33bdbf44, org.springframework.security.web.context.SecurityContextPersistenceFilter@abf18ae, org.springframework.security.web.header.HeaderWriterFilter@1f403ec4, org.springframework.web.filter.CorsFilter@20e832af, org.springframework.security.web.authentication.logout.LogoutFilter@57d7b00, com.nangman.common.auth.JwtAuthenticationFilter@13536a59, org.springframework.security.web.savedrequest.RequestCacheAwareFilter@2c580bc8, org.springframework.security.web.servletapi.SecurityContextHolderAwareRequestFilter@13527fb8, org.springframework.security.web.authentication.AnonymousAuthenticationFilter@71f4aae6, org.springframework.security.web.session.SessionManagementFilter@13c509c9, org.springframework.security.web.access.ExceptionTranslationFilter@76ecd6b8, org.springframework.security.web.access.intercept.FilterSecurityInterceptor@73cc1e5e]
2022-07-25 08:57:31.032  INFO 5564 --- [restartedMain] o.s.s.concurrent.ThreadPoolTaskExecutor  : Initializing ExecutorService 'applicationTaskExecutor'
2022-07-25 08:57:31.042 DEBUG 5564 --- [restartedMain] s.w.s.m.m.a.RequestMappingHandlerAdapter : ControllerAdvice beans: 0 @ModelAttribute, 0 @InitBinder, 1 RequestBodyAdvice, 1 ResponseBodyAdvice
2022-07-25 08:57:31.071 DEBUG 5564 --- [restartedMain] o.s.w.s.handler.SimpleUrlHandlerMapping  : Patterns [/swagger-ui/] in 'viewControllerHandlerMapping'
2022-07-25 08:57:31.289 DEBUG 5564 --- [restartedMain] o.s.w.s.handler.SimpleUrlHandlerMapping  : Patterns [/resources/**, /swagger-ui.html, /webjars/**, /css/**, /fonts/**, /icons/**, /img/**, /js/**, /swagger-ui/**, /**] in 'resourceHandlerMapping'
2022-07-25 08:57:31.295 DEBUG 5564 --- [restartedMain] .m.m.a.ExceptionHandlerExceptionResolver : ControllerAdvice beans: 0 @ExceptionHandler, 1 ResponseBodyAdvice
2022-07-25 08:57:31.483  INFO 5564 --- [restartedMain] o.s.b.w.embedded.tomcat.TomcatWebServer  : Tomcat started on port(s): 8080 (http) with context path ''
2022-07-25 08:57:31.643  INFO 5564 --- [restartedMain] com.nangman.NangmanApplication           : Started NangmanApplication in 6.256 seconds (JVM running for 7.65)
2022-07-25 08:57:33.507  INFO 5564 --- [RMI TCP Connection(3)-70.12.247.176] o.a.c.c.C.[Tomcat].[localhost].[/]       : Initializing Spring DispatcherServlet 'dispatcherServlet'
2022-07-25 08:57:33.507  INFO 5564 --- [RMI TCP Connection(3)-70.12.247.176] o.s.web.servlet.DispatcherServlet        : Initializing Servlet 'dispatcherServlet'
2022-07-25 08:57:33.507 DEBUG 5564 --- [RMI TCP Connection(3)-70.12.247.176] o.s.web.servlet.DispatcherServlet        : Detected StandardServletMultipartResolver
2022-07-25 08:57:33.507 DEBUG 5564 --- [RMI TCP Connection(3)-70.12.247.176] o.s.web.servlet.DispatcherServlet        : Detected AcceptHeaderLocaleResolver
2022-07-25 08:57:33.507 DEBUG 5564 --- [RMI TCP Connection(3)-70.12.247.176] o.s.web.servlet.DispatcherServlet        : Detected FixedThemeResolver
2022-07-25 08:57:33.508 DEBUG 5564 --- [RMI TCP Connection(3)-70.12.247.176] o.s.web.servlet.DispatcherServlet        : Detected org.springframework.web.servlet.view.DefaultRequestToViewNameTranslator@7b33716d
2022-07-25 08:57:33.509 DEBUG 5564 --- [RMI TCP Connection(3)-70.12.247.176] o.s.web.servlet.DispatcherServlet        : Detected org.springframework.web.servlet.support.SessionFlashMapManager@35519576
2022-07-25 08:57:33.509 DEBUG 5564 --- [RMI TCP Connection(3)-70.12.247.176] o.s.web.servlet.DispatcherServlet        : enableLoggingRequestDetails='false': request parameters and headers will be masked to prevent unsafe logging of potentially sensitive data
2022-07-25 08:57:33.509  INFO 5564 --- [RMI TCP Connection(3)-70.12.247.176] o.s.web.servlet.DispatcherServlet        : Completed initialization in 2 ms
2022-07-25 08:59:45.150 ERROR 5564 --- [http-nio-127.0.0.1-8080-exec-1] o.a.c.c.C.[.[.[/].[dispatcherServlet]    : Servlet.service() for servlet [dispatcherServlet] in context with path [] threw exception

org.springframework.security.web.firewall.RequestRejectedException: The request was rejected because the URL contained a potentially malicious String "//"
	at org.springframework.security.web.firewall.StrictHttpFirewall.rejectedBlocklistedUrls(StrictHttpFirewall.java:456) ~[spring-security-web-5.4.6.jar:5.4.6]
	at org.springframework.security.web.firewall.StrictHttpFirewall.getFirewalledRequest(StrictHttpFirewall.java:429) ~[spring-security-web-5.4.6.jar:5.4.6]
	at org.springframework.security.web.FilterChainProxy.doFilterInternal(FilterChainProxy.java:196) ~[spring-security-web-5.4.6.jar:5.4.6]
	at org.springframework.security.web.FilterChainProxy.doFilter(FilterChainProxy.java:183) ~[spring-security-web-5.4.6.jar:5.4.6]
	at org.springframework.web.filter.DelegatingFilterProxy.invokeDelegate(DelegatingFilterProxy.java:358) ~[spring-web-5.3.6.jar:5.3.6]
	at org.springframework.web.filter.DelegatingFilterProxy.doFilter(DelegatingFilterProxy.java:271) ~[spring-web-5.3.6.jar:5.3.6]
	at org.apache.catalina.core.ApplicationFilterChain.internalDoFilter(ApplicationFilterChain.java:189) ~[tomcat-embed-core-9.0.45.jar:9.0.45]
	at org.apache.catalina.core.ApplicationFilterChain.doFilter(ApplicationFilterChain.java:162) ~[tomcat-embed-core-9.0.45.jar:9.0.45]
	at org.springframework.web.filter.RequestContextFilter.doFilterInternal(RequestContextFilter.java:100) ~[spring-web-5.3.6.jar:5.3.6]
	at org.springframework.web.filter.OncePerRequestFilter.doFilter(OncePerRequestFilter.java:119) ~[spring-web-5.3.6.jar:5.3.6]
	at org.apache.catalina.core.ApplicationFilterChain.internalDoFilter(ApplicationFilterChain.java:189) ~[tomcat-embed-core-9.0.45.jar:9.0.45]
	at org.apache.catalina.core.ApplicationFilterChain.doFilter(ApplicationFilterChain.java:162) ~[tomcat-embed-core-9.0.45.jar:9.0.45]
	at org.springframework.web.filter.FormContentFilter.doFilterInternal(FormContentFilter.java:93) ~[spring-web-5.3.6.jar:5.3.6]
	at org.springframework.web.filter.OncePerRequestFilter.doFilter(OncePerRequestFilter.java:119) ~[spring-web-5.3.6.jar:5.3.6]
	at org.apache.catalina.core.ApplicationFilterChain.internalDoFilter(ApplicationFilterChain.java:189) ~[tomcat-embed-core-9.0.45.jar:9.0.45]
	at org.apache.catalina.core.ApplicationFilterChain.doFilter(ApplicationFilterChain.java:162) ~[tomcat-embed-core-9.0.45.jar:9.0.45]
	at org.springframework.boot.actuate.metrics.web.servlet.WebMvcMetricsFilter.doFilterInternal(WebMvcMetricsFilter.java:93) ~[spring-boot-actuator-2.4.5.jar:2.4.5]
	at org.springframework.web.filter.OncePerRequestFilter.doFilter(OncePerRequestFilter.java:119) ~[spring-web-5.3.6.jar:5.3.6]
	at org.apache.catalina.core.ApplicationFilterChain.internalDoFilter(ApplicationFilterChain.java:189) ~[tomcat-embed-core-9.0.45.jar:9.0.45]
	at org.apache.catalina.core.ApplicationFilterChain.doFilter(ApplicationFilterChain.java:162) ~[tomcat-embed-core-9.0.45.jar:9.0.45]
	at org.apache.catalina.core.StandardWrapperValve.invoke(StandardWrapperValve.java:202) ~[tomcat-embed-core-9.0.45.jar:9.0.45]
	at org.apache.catalina.core.StandardContextValve.invoke(StandardContextValve.java:97) [tomcat-embed-core-9.0.45.jar:9.0.45]
	at org.apache.catalina.authenticator.AuthenticatorBase.invoke(AuthenticatorBase.java:542) [tomcat-embed-core-9.0.45.jar:9.0.45]
	at org.apache.catalina.core.StandardHostValve.invoke(StandardHostValve.java:143) [tomcat-embed-core-9.0.45.jar:9.0.45]
	at org.apache.catalina.valves.ErrorReportValve.invoke(ErrorReportValve.java:92) [tomcat-embed-core-9.0.45.jar:9.0.45]
	at org.apache.catalina.core.StandardEngineValve.invoke(StandardEngineValve.java:78) [tomcat-embed-core-9.0.45.jar:9.0.45]
	at org.apache.catalina.connector.CoyoteAdapter.service(CoyoteAdapter.java:357) [tomcat-embed-core-9.0.45.jar:9.0.45]
	at org.apache.coyote.http11.Http11Processor.service(Http11Processor.java:374) [tomcat-embed-core-9.0.45.jar:9.0.45]
	at org.apache.coyote.AbstractProcessorLight.process(AbstractProcessorLight.java:65) [tomcat-embed-core-9.0.45.jar:9.0.45]
	at org.apache.coyote.AbstractProtocol$ConnectionHandler.process(AbstractProtocol.java:893) [tomcat-embed-core-9.0.45.jar:9.0.45]
	at org.apache.tomcat.util.net.NioEndpoint$SocketProcessor.doRun(NioEndpoint.java:1707) [tomcat-embed-core-9.0.45.jar:9.0.45]
	at org.apache.tomcat.util.net.SocketProcessorBase.run(SocketProcessorBase.java:49) [tomcat-embed-core-9.0.45.jar:9.0.45]
	at java.util.concurrent.ThreadPoolExecutor.runWorker(ThreadPoolExecutor.java:1149) [na:1.8.0_192]
	at java.util.concurrent.ThreadPoolExecutor$Worker.run(ThreadPoolExecutor.java:624) [na:1.8.0_192]
	at org.apache.tomcat.util.threads.TaskThread$WrappingRunnable.run(TaskThread.java:61) [tomcat-embed-core-9.0.45.jar:9.0.45]
	at java.lang.Thread.run(Thread.java:748) [na:1.8.0_192]

2022-07-25 08:59:45.163 DEBUG 5564 --- [http-nio-127.0.0.1-8080-exec-1] o.s.web.servlet.DispatcherServlet        : "ERROR" dispatch for GET "/error", parameters={}
2022-07-25 08:59:45.170 DEBUG 5564 --- [http-nio-127.0.0.1-8080-exec-1] s.w.s.m.m.a.RequestMappingHandlerMapping : Mapped to org.springframework.boot.autoconfigure.web.servlet.error.BasicErrorController#errorHtml(HttpServletRequest, HttpServletResponse)
2022-07-25 08:59:45.199 DEBUG 5564 --- [http-nio-127.0.0.1-8080-exec-1] o.s.w.s.v.ContentNegotiatingViewResolver : Selected 'text/html' given [text/html, text/html;q=0.8]
2022-07-25 08:59:45.204 DEBUG 5564 --- [http-nio-127.0.0.1-8080-exec-1] o.s.web.servlet.DispatcherServlet        : Exiting from "ERROR" dispatch, status 500
2022-07-25 08:59:45.282 DEBUG 5564 --- [http-nio-127.0.0.1-8080-exec-2] o.s.web.servlet.DispatcherServlet        : GET "/favicon.ico", parameters={}
2022-07-25 08:59:45.283 DEBUG 5564 --- [http-nio-127.0.0.1-8080-exec-2] o.s.w.s.handler.SimpleUrlHandlerMapping  : Mapped to ResourceHttpRequestHandler [Classpath [META-INF/resources/], Classpath [resources/], Classpath [static/], Classpath [public/], ServletContext [/]]
2022-07-25 08:59:45.287 DEBUG 5564 --- [http-nio-127.0.0.1-8080-exec-2] o.s.w.s.r.ResourceHttpRequestHandler     : Resource not found
2022-07-25 08:59:45.287 DEBUG 5564 --- [http-nio-127.0.0.1-8080-exec-2] o.s.web.servlet.DispatcherServlet        : Completed 404 NOT_FOUND
2022-07-25 08:59:45.287 DEBUG 5564 --- [http-nio-127.0.0.1-8080-exec-2] o.s.web.servlet.DispatcherServlet        : "ERROR" dispatch for GET "/error", parameters={}
2022-07-25 08:59:45.288 DEBUG 5564 --- [http-nio-127.0.0.1-8080-exec-2] s.w.s.m.m.a.RequestMappingHandlerMapping : Mapped to org.springframework.boot.autoconfigure.web.servlet.error.BasicErrorController#error(HttpServletRequest)
2022-07-25 08:59:45.293 DEBUG 5564 --- [http-nio-127.0.0.1-8080-exec-2] o.s.w.s.m.m.a.HttpEntityMethodProcessor  : Using 'application/json;q=0.8', given [image/avif, image/webp, image/apng, image/svg+xml, image/*, */*;q=0.8] and supported [application/json, application/*+json, application/json, application/*+json]
2022-07-25 08:59:45.294 DEBUG 5564 --- [http-nio-127.0.0.1-8080-exec-2] o.s.w.s.m.m.a.HttpEntityMethodProcessor  : Writing [{timestamp=Mon Jul 25 08:59:45 KST 2022, status=404, error=Not Found, message=No message available,  (truncated)...]
2022-07-25 08:59:45.313 DEBUG 5564 --- [http-nio-127.0.0.1-8080-exec-2] o.s.web.servlet.DispatcherServlet        : Exiting from "ERROR" dispatch, status 404
2022-07-25 08:59:48.104 DEBUG 5564 --- [http-nio-127.0.0.1-8080-exec-3] o.s.web.servlet.DispatcherServlet        : GET "/swagger-ui/index.html", parameters={}
2022-07-25 08:59:48.105 DEBUG 5564 --- [http-nio-127.0.0.1-8080-exec-3] o.s.w.s.handler.SimpleUrlHandlerMapping  : Mapped to ResourceHttpRequestHandler [Classpath [META-INF/resources/webjars/springfox-swagger-ui/]]
2022-07-25 08:59:48.110 DEBUG 5564 --- [http-nio-127.0.0.1-8080-exec-3] o.s.web.servlet.DispatcherServlet        : Completed 200 OK
2022-07-25 08:59:48.120 DEBUG 5564 --- [http-nio-127.0.0.1-8080-exec-5] o.s.web.servlet.DispatcherServlet        : GET "/swagger-ui/swagger-ui.css?v=3.0.0", parameters={masked}
2022-07-25 08:59:48.120 DEBUG 5564 --- [http-nio-127.0.0.1-8080-exec-4] o.s.web.servlet.DispatcherServlet        : GET "/swagger-ui/springfox.css?v=3.0.0", parameters={masked}
2022-07-25 08:59:48.121 DEBUG 5564 --- [http-nio-127.0.0.1-8080-exec-4] o.s.w.s.handler.SimpleUrlHandlerMapping  : Mapped to ResourceHttpRequestHandler [Classpath [META-INF/resources/webjars/springfox-swagger-ui/]]
2022-07-25 08:59:48.121 DEBUG 5564 --- [http-nio-127.0.0.1-8080-exec-5] o.s.w.s.handler.SimpleUrlHandlerMapping  : Mapped to ResourceHttpRequestHandler [Classpath [META-INF/resources/webjars/springfox-swagger-ui/]]
2022-07-25 08:59:48.124 DEBUG 5564 --- [http-nio-127.0.0.1-8080-exec-4] o.s.web.servlet.DispatcherServlet        : Completed 200 OK
2022-07-25 08:59:48.126 DEBUG 5564 --- [http-nio-127.0.0.1-8080-exec-7] o.s.web.servlet.DispatcherServlet        : GET "/swagger-ui/swagger-ui-bundle.js?v=3.0.0", parameters={masked}
2022-07-25 08:59:48.126 DEBUG 5564 --- [http-nio-127.0.0.1-8080-exec-7] o.s.w.s.handler.SimpleUrlHandlerMapping  : Mapped to ResourceHttpRequestHandler [Classpath [META-INF/resources/webjars/springfox-swagger-ui/]]
2022-07-25 08:59:48.127 DEBUG 5564 --- [http-nio-127.0.0.1-8080-exec-5] o.s.web.servlet.DispatcherServlet        : Completed 200 OK
2022-07-25 08:59:48.130 DEBUG 5564 --- [http-nio-127.0.0.1-8080-exec-6] o.s.web.servlet.DispatcherServlet        : GET "/swagger-ui/swagger-ui-standalone-preset.js?v=3.0.0", parameters={masked}
2022-07-25 08:59:48.130 DEBUG 5564 --- [http-nio-127.0.0.1-8080-exec-6] o.s.w.s.handler.SimpleUrlHandlerMapping  : Mapped to ResourceHttpRequestHandler [Classpath [META-INF/resources/webjars/springfox-swagger-ui/]]
2022-07-25 08:59:48.151 DEBUG 5564 --- [http-nio-127.0.0.1-8080-exec-6] o.s.web.servlet.DispatcherServlet        : Completed 200 OK
2022-07-25 08:59:48.153 DEBUG 5564 --- [http-nio-127.0.0.1-8080-exec-8] o.s.web.servlet.DispatcherServlet        : GET "/swagger-ui/springfox.js?v=3.0.0", parameters={masked}
2022-07-25 08:59:48.154 DEBUG 5564 --- [http-nio-127.0.0.1-8080-exec-8] o.s.w.s.handler.SimpleUrlHandlerMapping  : Mapped to ResourceHttpRequestHandler [Classpath [META-INF/resources/webjars/springfox-swagger-ui/]]
2022-07-25 08:59:48.162 DEBUG 5564 --- [http-nio-127.0.0.1-8080-exec-8] o.s.web.servlet.DispatcherServlet        : Completed 200 OK
2022-07-25 08:59:48.180 DEBUG 5564 --- [http-nio-127.0.0.1-8080-exec-7] o.s.web.servlet.DispatcherServlet        : Completed 200 OK
2022-07-25 08:59:48.266 DEBUG 5564 --- [http-nio-127.0.0.1-8080-exec-9] o.s.web.servlet.DispatcherServlet        : GET "/swagger-resources/configuration/ui", parameters={}
2022-07-25 08:59:48.267 DEBUG 5564 --- [http-nio-127.0.0.1-8080-exec-9] s.w.s.m.m.a.RequestMappingHandlerMapping : Mapped to springfox.documentation.swagger.web.ApiResourceController#uiConfiguration()
2022-07-25 08:59:48.268 DEBUG 5564 --- [http-nio-127.0.0.1-8080-exec-10] o.s.web.servlet.DispatcherServlet        : GET "/swagger-ui/favicon-32x32.png?v=3.0.0", parameters={masked}
2022-07-25 08:59:48.268 DEBUG 5564 --- [http-nio-127.0.0.1-8080-exec-9] o.s.w.s.m.m.a.HttpEntityMethodProcessor  : Using 'application/json', given [application/json] and supported [application/json]
2022-07-25 08:59:48.269 DEBUG 5564 --- [http-nio-127.0.0.1-8080-exec-10] o.s.w.s.handler.SimpleUrlHandlerMapping  : Mapped to ResourceHttpRequestHandler [Classpath [META-INF/resources/webjars/springfox-swagger-ui/]]
2022-07-25 08:59:48.272 DEBUG 5564 --- [http-nio-127.0.0.1-8080-exec-10] o.s.web.servlet.DispatcherServlet        : Completed 200 OK
2022-07-25 08:59:48.274 DEBUG 5564 --- [http-nio-127.0.0.1-8080-exec-9] o.s.w.s.m.m.a.HttpEntityMethodProcessor  : Writing [springfox.documentation.swagger.web.UiConfiguration@35b75d95]
2022-07-25 08:59:48.276 DEBUG 5564 --- [http-nio-127.0.0.1-8080-exec-9] o.s.web.servlet.DispatcherServlet        : Completed 200 OK
2022-07-25 08:59:48.278 DEBUG 5564 --- [http-nio-127.0.0.1-8080-exec-1] o.s.web.servlet.DispatcherServlet        : GET "/swagger-resources/configuration/security", parameters={}
2022-07-25 08:59:48.279 DEBUG 5564 --- [http-nio-127.0.0.1-8080-exec-1] s.w.s.m.m.a.RequestMappingHandlerMapping : Mapped to springfox.documentation.swagger.web.ApiResourceController#securityConfiguration()
2022-07-25 08:59:48.279 DEBUG 5564 --- [http-nio-127.0.0.1-8080-exec-1] o.s.w.s.m.m.a.HttpEntityMethodProcessor  : Using 'application/json', given [application/json] and supported [application/json]
2022-07-25 08:59:48.281 DEBUG 5564 --- [http-nio-127.0.0.1-8080-exec-1] o.s.w.s.m.m.a.HttpEntityMethodProcessor  : Writing [springfox.documentation.swagger.web.SecurityConfiguration@716835a7]
2022-07-25 08:59:48.281 DEBUG 5564 --- [http-nio-127.0.0.1-8080-exec-1] o.s.web.servlet.DispatcherServlet        : Completed 200 OK
2022-07-25 08:59:48.284 DEBUG 5564 --- [http-nio-127.0.0.1-8080-exec-2] o.s.web.servlet.DispatcherServlet        : GET "/swagger-resources", parameters={}
2022-07-25 08:59:48.284 DEBUG 5564 --- [http-nio-127.0.0.1-8080-exec-2] s.w.s.m.m.a.RequestMappingHandlerMapping : Mapped to springfox.documentation.swagger.web.ApiResourceController#swaggerResources()
2022-07-25 08:59:48.285 DEBUG 5564 --- [http-nio-127.0.0.1-8080-exec-2] o.s.w.s.m.m.a.HttpEntityMethodProcessor  : Using 'application/json', given [application/json] and supported [application/json]
2022-07-25 08:59:48.285 DEBUG 5564 --- [http-nio-127.0.0.1-8080-exec-2] o.s.w.s.m.m.a.HttpEntityMethodProcessor  : Writing [[springfox.documentation.swagger.web.SwaggerResource@60b13bed]]
2022-07-25 08:59:48.287 DEBUG 5564 --- [http-nio-127.0.0.1-8080-exec-2] o.s.web.servlet.DispatcherServlet        : Completed 200 OK
2022-07-25 08:59:48.316 DEBUG 5564 --- [http-nio-127.0.0.1-8080-exec-3] o.s.web.servlet.DispatcherServlet        : GET "/v2/api-docs", parameters={}
2022-07-25 08:59:48.316 DEBUG 5564 --- [http-nio-127.0.0.1-8080-exec-3] s.w.s.m.m.a.RequestMappingHandlerMapping : Mapped to springfox.documentation.swagger2.web.Swagger2ControllerWebMvc#getDocumentation(String, HttpServletRequest)
2022-07-25 08:59:48.385 DEBUG 5564 --- [http-nio-127.0.0.1-8080-exec-3] o.s.w.s.m.m.a.HttpEntityMethodProcessor  : Using 'application/json', given [application/json, */*] and supported [application/json, application/hal+json]
2022-07-25 08:59:48.387 DEBUG 5564 --- [http-nio-127.0.0.1-8080-exec-3] o.s.w.s.m.m.a.HttpEntityMethodProcessor  : Writing [springfox.documentation.spring.web.json.Json@27c991e3]
2022-07-25 08:59:48.387 DEBUG 5564 --- [http-nio-127.0.0.1-8080-exec-3] o.s.web.servlet.DispatcherServlet        : Completed 200 OK
2022-07-25 09:26:05.463  WARN 5564 --- [HikariPool-1 housekeeper] com.zaxxer.hikari.pool.HikariPool        : HikariPool-1 - Thread starvation or clock leap detected (housekeeper delta=1m36s846ms710µs400ns).
2022-07-25 17:17:29.632  INFO 5564 --- [SpringContextShutdownHook] o.s.s.concurrent.ThreadPoolTaskExecutor  : Shutting down ExecutorService 'applicationTaskExecutor'
2022-07-25 17:17:29.635  INFO 5564 --- [SpringContextShutdownHook] j.LocalContainerEntityManagerFactoryBean : Closing JPA EntityManagerFactory for persistence unit 'default'
2022-07-25 17:17:29.640  INFO 5564 --- [SpringContextShutdownHook] com.zaxxer.hikari.HikariDataSource       : HikariPool-1 - Shutdown initiated...
2022-07-25 17:17:29.645  INFO 5564 --- [SpringContextShutdownHook] com.zaxxer.hikari.HikariDataSource       : HikariPool-1 - Shutdown completed.
